Using pre-set license
Built from '2021.1/staging' branch; Version is '2021.1.19f1 (5f5eb8bbdc25) revision 6250168'; Using compiler version '192528614'; Build Type 'Release'
OS: 'Windows 10 Home; OS build 19043.1586; Version 2009; 64bit' Language: 'en' Physical Memory: 16333 MB
BatchMode: 1, IsHumanControllingUs: 0, StartBugReporterOnCrash: 0, Is64bit: 1, IsPro: 0

COMMAND LINE ARGUMENTS:
C:\Program Files\Unity\Hub\Editor\2021.1.19f1\Editor\Unity.exe
-adb2
-batchMode
-noUpm
-name
AssetImportWorker1
-projectPath
C:/Users/samcp/Desktop/2021 Unity Projects/Tile Extractor 3D
-logFile
Logs/AssetImportWorker1.log
-srvPort
55848
Successfully changed project path to: C:/Users/samcp/Desktop/2021 Unity Projects/Tile Extractor 3D
C:/Users/samcp/Desktop/2021 Unity Projects/Tile Extractor 3D
Using Asset Import Pipeline V2.
Refreshing native plugins compatible for Editor in 93.02 ms, found 3 plugins.
Preloading 0 native plugins for Editor in 0.00 ms.
Initialize engine version: 2021.1.19f1 (5f5eb8bbdc25)
[Subsystems] Discovering subsystems at path C:/Program Files/Unity/Hub/Editor/2021.1.19f1/Editor/Data/Resources/UnitySubsystems
[Subsystems] Discovering subsystems at path C:/Users/samcp/Desktop/2021 Unity Projects/Tile Extractor 3D/Assets
GfxDevice: creating device client; threaded=0; jobified=0
Direct3D:
    Version:  Direct3D 11.0 [level 11.1]
    Renderer: NVIDIA GeForce GTX 1660 Ti (ID=0x2182)
    Vendor:   NVIDIA
    VRAM:     5991 MB
    Driver:   30.0.14.9676
Initialize mono
Mono path[0] = 'C:/Program Files/Unity/Hub/Editor/2021.1.19f1/Editor/Data/Managed'
Mono path[1] = 'C:/Program Files/Unity/Hub/Editor/2021.1.19f1/Editor/Data/MonoBleedingEdge/lib/mono/unityjit'
Mono config path = 'C:/Program Files/Unity/Hub/Editor/2021.1.19f1/Editor/Data/MonoBleedingEdge/etc'
Using monoOptions --debugger-agent=transport=dt_socket,embedding=1,server=y,suspend=n,address=127.0.0.1:56668
Begin MonoManager ReloadAssembly
Registering precompiled unity dll's ...
Register platform support module: C:/Program Files/Unity/Hub/Editor/2021.1.19f1/Editor/Data/PlaybackEngines/WebGLSupport/UnityEditor.WebGL.Extensions.dll
Register platform support module: C:/Program Files/Unity/Hub/Editor/2021.1.19f1/Editor/Data/PlaybackEngines/WindowsStandaloneSupport/UnityEditor.WindowsStandalone.Extensions.dll
Registered in 0.002698 seconds.
Native extension for WindowsStandalone target not found
Native extension for WebGL target not found
Refreshing native plugins compatible for Editor in 89.67 ms, found 3 plugins.
Preloading 0 native plugins for Editor in 0.00 ms.
Mono: successfully reloaded assembly
- Completed reload, in  5.454 seconds
Domain Reload Profiling:
	ReloadAssembly (5454ms)
		BeginReloadAssembly (69ms)
			ExecutionOrderSort (0ms)
			DisableScriptedObjects (0ms)
			BackupInstance (0ms)
			ReleaseScriptingObjects (0ms)
			CreateAndSetChildDomain (1ms)
		EndReloadAssembly (479ms)
			LoadAssemblies (67ms)
			RebuildTransferFunctionScriptingTraits (0ms)
			SetupTypeCache (157ms)
			ReleaseScriptCaches (0ms)
			RebuildScriptCaches (34ms)
			SetupLoadedEditorAssemblies (240ms)
				LogAssemblyErrors (0ms)
				InitializePlatformSupportModulesInManaged (7ms)
				SetLoadedEditorAssemblies (0ms)
				RefreshPlugins (90ms)
				BeforeProcessingInitializeOnLoad (1ms)
				ProcessInitializeOnLoadAttributes (106ms)
				ProcessInitializeOnLoadMethodAttributes (36ms)
				AfterProcessingInitializeOnLoad (0ms)
				EditorAssembliesLoaded (0ms)
			ExecutionOrderSort2 (0ms)
			AwakeInstancesAfterBackupRestoration (0ms)
Platform modules already initialized, skipping
Registering precompiled user dll's ...
Registered in 0.006002 seconds.
Begin MonoManager ReloadAssembly
Symbol file LoadedFromMemory doesn't match image C:\Users\samcp\Desktop\2021 Unity Projects\Tile Extractor 3D\Library\PackageCache\com.unity.visualscripting@1.6.1\Editor\VisualScripting.Core\Dependencies\YamlDotNet\Unity.VisualScripting.YamlDotNet.dll
Symbol file LoadedFromMemory doesn't match image C:\Users\samcp\Desktop\2021 Unity Projects\Tile Extractor 3D\Library\PackageCache\com.unity.visualscripting@1.6.1\Editor\VisualScripting.Core\Dependencies\DotNetZip\Unity.VisualScripting.IonicZip.dll
Native extension for WindowsStandalone target not found
Native extension for WebGL target not found
Refreshing native plugins compatible for Editor in 0.78 ms, found 3 plugins.
Preloading 0 native plugins for Editor in 0.00 ms.
Mono: successfully reloaded assembly
- Completed reload, in  1.281 seconds
Domain Reload Profiling:
	ReloadAssembly (1281ms)
		BeginReloadAssembly (154ms)
			ExecutionOrderSort (0ms)
			DisableScriptedObjects (5ms)
			BackupInstance (0ms)
			ReleaseScriptingObjects (0ms)
			CreateAndSetChildDomain (20ms)
		EndReloadAssembly (1067ms)
			LoadAssemblies (96ms)
			RebuildTransferFunctionScriptingTraits (0ms)
			SetupTypeCache (335ms)
			ReleaseScriptCaches (1ms)
			RebuildScriptCaches (63ms)
			SetupLoadedEditorAssemblies (487ms)
				LogAssemblyErrors (0ms)
				InitializePlatformSupportModulesInManaged (6ms)
				SetLoadedEditorAssemblies (0ms)
				RefreshPlugins (1ms)
				BeforeProcessingInitializeOnLoad (85ms)
				ProcessInitializeOnLoadAttributes (382ms)
				ProcessInitializeOnLoadMethodAttributes (6ms)
				AfterProcessingInitializeOnLoad (7ms)
				EditorAssembliesLoaded (0ms)
			ExecutionOrderSort2 (0ms)
			AwakeInstancesAfterBackupRestoration (6ms)
Platform modules already initialized, skipping
========================================================================
Worker process is ready to serve import requests
Launched and connected shader compiler UnityShaderCompiler.exe after 0.16 seconds
Refreshing native plugins compatible for Editor in 0.78 ms, found 3 plugins.
Preloading 0 native plugins for Editor in 0.00 ms.
Unloading 3393 Unused Serialized files (Serialized files now loaded: 0)
System memory in use before: 127.9 MB.
System memory in use after: 128.1 MB.

Unloading 96 unused Assets to reduce memory usage. Loaded Objects now: 3828.
Total: 4.023500 ms (FindLiveObjects: 0.426400 ms CreateObjectMapping: 0.096200 ms MarkObjects: 3.280400 ms  DeleteObjects: 0.219500 ms)

AssetImportParameters requested are different than current active one (requested -> active):
  custom:framework-win-MediaFoundation: 216162199b28c13a410421893ffa2e32 -> 
  custom:video-decoder-ogg-theora: a1e56fd34408186e4bbccfd4996cb3dc -> 
  custom:container-muxer-webm: aa71ff27fc2769a1b78a27578f13a17b -> 
  custom:container-demuxer-webm: 4f35f7cbe854078d1ac9338744f61a02 -> 
  custom:container-demuxer-ogg: 62fdf1f143b41e24485cea50d1cbac27 -> 
  custom:video-encoder-webm-vp8: eb34c28f22e8b96e1ab97ce403110664 -> 
  custom:video-decoder-webm-vp8: 9c59270c3fd7afecdb556c50c9e8de78 -> 
  custom:audio-decoder-ogg-vorbis: bf7c407c2cedff20999df2af8eb42d56 -> 
  custom:audio-encoder-webm-vorbis: bf7c407c2cedff20999df2af8eb42d56 -> 
========================================================================
Received Import Request.
  path: Assets/TextMesh Pro/Resources/Fonts & Materials/LiberationSans SDF - Outline.mat
  artifactKey: Guid(79459efec17a4d00a321bdcc27bbc385) Importer(815301076,1909f56bfc062723c751e8b465ee728b)
Start importing Assets/TextMesh Pro/Resources/Fonts & Materials/LiberationSans SDF - Outline.mat using Guid(79459efec17a4d00a321bdcc27bbc385) Importer(815301076,1909f56bfc062723c751e8b465ee728b)  -> (artifact id: '289988fcecf3b00d1602f8d2b589f7dd') in 0.201827 seconds 
========================================================================
Received Import Request.
  Time since last request: 0.000229 seconds.
  path: Assets/Textures/retro-texture-pack-v1/png/Materials/TECH_4D.mat
  artifactKey: Guid(d2a9766a29d89de47add794fb049644f) Importer(815301076,1909f56bfc062723c751e8b465ee728b)
Start importing Assets/Textures/retro-texture-pack-v1/png/Materials/TECH_4D.mat using Guid(d2a9766a29d89de47add794fb049644f) Importer(815301076,1909f56bfc062723c751e8b465ee728b)  -> (artifact id: '57769caa8329b9813a19bf45a48bd70d') in 0.022684 seconds 
========================================================================
Received Import Request.
  Time since last request: 0.000244 seconds.
  path: Assets/Textures/retro-texture-pack-v1/png/Materials/FLOOR_2B.mat
  artifactKey: Guid(949e9cd521e640d41887f118d29d3f56) Importer(815301076,1909f56bfc062723c751e8b465ee728b)
Start importing Assets/Textures/retro-texture-pack-v1/png/Materials/FLOOR_2B.mat using Guid(949e9cd521e640d41887f118d29d3f56) Importer(815301076,1909f56bfc062723c751e8b465ee728b)  -> (artifact id: '22f7a7b467a45f8bf29e928594279304') in 0.024939 seconds 
========================================================================
Received Import Request.
  Time since last request: 0.000197 seconds.
  path: Assets/Textures/retro-texture-pack-v1/png/Materials/TECH_1A.mat
  artifactKey: Guid(41e11b8b182a87646b0f6cea938309d6) Importer(815301076,1909f56bfc062723c751e8b465ee728b)
Start importing Assets/Textures/retro-texture-pack-v1/png/Materials/TECH_1A.mat using Guid(41e11b8b182a87646b0f6cea938309d6) Importer(815301076,1909f56bfc062723c751e8b465ee728b)  -> (artifact id: '5903772ff0f023037b3a02c430548431') in 0.032180 seconds 
========================================================================
Received Import Request.
  Time since last request: 0.000195 seconds.
  path: Assets/Textures/retro-texture-pack-v1/png/Materials/SUPPORT_2.mat
  artifactKey: Guid(6e62f7dc9b80ba54b844fc3b981cd859) Importer(815301076,1909f56bfc062723c751e8b465ee728b)
Start importing Assets/Textures/retro-texture-pack-v1/png/Materials/SUPPORT_2.mat using Guid(6e62f7dc9b80ba54b844fc3b981cd859) Importer(815301076,1909f56bfc062723c751e8b465ee728b)  -> (artifact id: '8d020791ab9895fd0c2873c4ec107774') in 0.028640 seconds 
========================================================================
Received Import Request.
  Time since last request: 0.000194 seconds.
  path: Assets/Textures/retro-texture-pack-v1/png/Materials/TECH_4F.mat
  artifactKey: Guid(dc17aeb0662624f45b6b4de6480909b1) Importer(815301076,1909f56bfc062723c751e8b465ee728b)
Start importing Assets/Textures/retro-texture-pack-v1/png/Materials/TECH_4F.mat using Guid(dc17aeb0662624f45b6b4de6480909b1) Importer(815301076,1909f56bfc062723c751e8b465ee728b)  -> (artifact id: 'ec6b1ddaea79d2dace1d69f0bbe08f94') in 0.027588 seconds 
========================================================================
Received Import Request.
  Time since last request: 0.000209 seconds.
  path: Assets/Textures/retro-texture-pack-v1/png/Materials/STEEL_1A.mat
  artifactKey: Guid(4a3f5d8261c43f3498f52684d03eef8f) Importer(815301076,1909f56bfc062723c751e8b465ee728b)
Start importing Assets/Textures/retro-texture-pack-v1/png/Materials/STEEL_1A.mat using Guid(4a3f5d8261c43f3498f52684d03eef8f) Importer(815301076,1909f56bfc062723c751e8b465ee728b)  -> (artifact id: '0d26774a1624f02e0da88716b2fed75f') in 0.027616 seconds 
========================================================================
Received Import Request.
  Time since last request: 0.000206 seconds.
  path: Assets/Textures/retro-texture-pack-v1/png/Materials/STEEL_2B.mat
  artifactKey: Guid(3e661a538962bd540b9be5f38b8554f6) Importer(815301076,1909f56bfc062723c751e8b465ee728b)
Start importing Assets/Textures/retro-texture-pack-v1/png/Materials/STEEL_2B.mat using Guid(3e661a538962bd540b9be5f38b8554f6) Importer(815301076,1909f56bfc062723c751e8b465ee728b)  -> (artifact id: '7ef5d9958f6c096095e9caa3a391ab57') in 0.026748 seconds 
========================================================================
Received Import Request.
  Time since last request: 0.000173 seconds.
  path: Assets/TextMesh Pro/Fonts/LiberationSans.ttf
  artifactKey: Guid(e3265ab4bf004d28a9537516768c1c75) Importer(815301076,1909f56bfc062723c751e8b465ee728b)
Start importing Assets/TextMesh Pro/Fonts/LiberationSans.ttf using Guid(e3265ab4bf004d28a9537516768c1c75) Importer(815301076,1909f56bfc062723c751e8b465ee728b)  -> (artifact id: '79889cafde56e022babe0107d274bab5') in 0.048234 seconds 
========================================================================
Received Import Request.
  Time since last request: 0.000189 seconds.
  path: Assets/TextMesh Pro/Resources/Fonts & Materials/LiberationSans SDF - Drop Shadow.mat
  artifactKey: Guid(e73a58f6e2794ae7b1b7e50b7fb811b0) Importer(815301076,1909f56bfc062723c751e8b465ee728b)
Start importing Assets/TextMesh Pro/Resources/Fonts & Materials/LiberationSans SDF - Drop Shadow.mat using Guid(e73a58f6e2794ae7b1b7e50b7fb811b0) Importer(815301076,1909f56bfc062723c751e8b465ee728b)  -> (artifact id: 'ca0d2861f60500f05bd29199894f7bb5') in 0.075508 seconds 
========================================================================
Received Import Request.
  Time since last request: 0.000194 seconds.
  path: Assets/Textures/retro-texture-pack-v1/png/Materials/FLOOR_2D.mat
  artifactKey: Guid(0bd5ac76a1b5fc847bf15b3378c69f5b) Importer(815301076,1909f56bfc062723c751e8b465ee728b)
Start importing Assets/Textures/retro-texture-pack-v1/png/Materials/FLOOR_2D.mat using Guid(0bd5ac76a1b5fc847bf15b3378c69f5b) Importer(815301076,1909f56bfc062723c751e8b465ee728b)  -> (artifact id: '399c60db14f040e8a800ee6bc590ccb9') in 0.024198 seconds 
========================================================================
Received Import Request.
  Time since last request: 0.000240 seconds.
  path: Assets/Textures/retro-texture-pack-v1/png/Materials/STONE_1A.mat
  artifactKey: Guid(14853494764d5944eb8cf9bcb3ba4f9b) Importer(815301076,1909f56bfc062723c751e8b465ee728b)
Start importing Assets/Textures/retro-texture-pack-v1/png/Materials/STONE_1A.mat using Guid(14853494764d5944eb8cf9bcb3ba4f9b) Importer(815301076,1909f56bfc062723c751e8b465ee728b)  -> (artifact id: '9369e840fa77cca00ac55d6d29b885d2') in 0.029597 seconds 
========================================================================
Received Import Request.
  Time since last request: 0.000226 seconds.
  path: Assets/Textures/retro-texture-pack-v1/png/Materials/LIGHT_1C.mat
  artifactKey: Guid(131d53a77d94b3e4fb0a4a6a139273e7) Importer(815301076,1909f56bfc062723c751e8b465ee728b)
Start importing Assets/Textures/retro-texture-pack-v1/png/Materials/LIGHT_1C.mat using Guid(131d53a77d94b3e4fb0a4a6a139273e7) Importer(815301076,1909f56bfc062723c751e8b465ee728b)  -> (artifact id: 'ad35f0ba36efeddaa2a537f5611aadc8') in 0.027376 seconds 
========================================================================
Received Import Request.
  Time since last request: 0.000204 seconds.
  path: Assets/Textures/retro-texture-pack-v1/png/Materials/TECH_5B.mat
  artifactKey: Guid(fbedf6d03e0de6d488b7104d5e68329e) Importer(815301076,1909f56bfc062723c751e8b465ee728b)
Start importing Assets/Textures/retro-texture-pack-v1/png/Materials/TECH_5B.mat using Guid(fbedf6d03e0de6d488b7104d5e68329e) Importer(815301076,1909f56bfc062723c751e8b465ee728b)  -> (artifact id: '99f38104ce76552c3682954ad26ba6bc') in 0.026441 seconds 
========================================================================
Received Import Request.
  Time since last request: 0.000213 seconds.
  path: Assets/Textures/retro-texture-pack-v1/png/Materials/FLOOR_2C.mat
  artifactKey: Guid(73dc4a63d13575f4f8cf0b9b76a10b6c) Importer(815301076,1909f56bfc062723c751e8b465ee728b)
Start importing Assets/Textures/retro-texture-pack-v1/png/Materials/FLOOR_2C.mat using Guid(73dc4a63d13575f4f8cf0b9b76a10b6c) Importer(815301076,1909f56bfc062723c751e8b465ee728b)  -> (artifact id: '8c51e3f1d6f9acd8b58155e4192e77f9') in 0.021036 seconds 
========================================================================
Received Import Request.
  Time since last request: 0.000197 seconds.
  path: Assets/Font/Minecraft.ttf
  artifactKey: Guid(7d923a4b0168e2a42953f995c3922ec0) Importer(815301076,1909f56bfc062723c751e8b465ee728b)
Start importing Assets/Font/Minecraft.ttf using Guid(7d923a4b0168e2a42953f995c3922ec0) Importer(815301076,1909f56bfc062723c751e8b465ee728b)  -> (artifact id: '82a5113f735d8ec160cae25abdf172b9') in 0.019230 seconds 
========================================================================
Received Import Request.
  Time since last request: 0.000262 seconds.
  path: Assets/Textures/retro-texture-pack-v1/png/Materials/PIPES_1.mat
  artifactKey: Guid(0b627de60db70ee4cba8382655cfdd12) Importer(815301076,1909f56bfc062723c751e8b465ee728b)
Start importing Assets/Textures/retro-texture-pack-v1/png/Materials/PIPES_1.mat using Guid(0b627de60db70ee4cba8382655cfdd12) Importer(815301076,1909f56bfc062723c751e8b465ee728b)  -> (artifact id: '8c7af18e2d9a22c0d080a35edc4fd52c') in 0.025078 seconds 
========================================================================
Received Import Request.
  Time since last request: 0.000169 seconds.
  path: Assets/Textures/retro-texture-pack-v1/png/Materials/LIGHT_1B.mat
  artifactKey: Guid(c531ccbf725c79445a20407b22162bd5) Importer(815301076,1909f56bfc062723c751e8b465ee728b)
Start importing Assets/Textures/retro-texture-pack-v1/png/Materials/LIGHT_1B.mat using Guid(c531ccbf725c79445a20407b22162bd5) Importer(815301076,1909f56bfc062723c751e8b465ee728b)  -> (artifact id: '2051d24e8dc350d8474129d5cd2c9089') in 0.028016 seconds 
========================================================================
Received Import Request.
  Time since last request: 25.204829 seconds.
  path: Assets/Sprites/pixel icons/64x64/food/Materials/3.mat
  artifactKey: Guid(4d79aa776cca7ae49ade3f69159a2867) Importer(815301076,1909f56bfc062723c751e8b465ee728b)
Start importing Assets/Sprites/pixel icons/64x64/food/Materials/3.mat using Guid(4d79aa776cca7ae49ade3f69159a2867) Importer(815301076,1909f56bfc062723c751e8b465ee728b)  -> (artifact id: 'dfafa90f0985d7eb4ab70920055bed42') in 0.014958 seconds 
========================================================================
Received Import Request.
  Time since last request: 0.000175 seconds.
  path: Assets/Sprites/pixel icons/64x64/food/Materials/6.mat
  artifactKey: Guid(46770328fa12f5f46b106b03a32a9f08) Importer(815301076,1909f56bfc062723c751e8b465ee728b)
Start importing Assets/Sprites/pixel icons/64x64/food/Materials/6.mat using Guid(46770328fa12f5f46b106b03a32a9f08) Importer(815301076,1909f56bfc062723c751e8b465ee728b)  -> (artifact id: 'aa2c784cd932bbcd9238fa9b67099da5') in 0.036782 seconds 
========================================================================
Received Import Request.
  Time since last request: 27.839747 seconds.
  path: Assets/Sprites/pixel icons/64x64/food/Materials
  artifactKey: Guid(3d4de32c7cacde8478f289a924cf54ae) Importer(815301076,1909f56bfc062723c751e8b465ee728b)
Start importing Assets/Sprites/pixel icons/64x64/food/Materials using Guid(3d4de32c7cacde8478f289a924cf54ae) Importer(815301076,1909f56bfc062723c751e8b465ee728b)  -> (artifact id: 'e92cd5134dbd589086793f601961a866') in 0.006874 seconds 
========================================================================
Received Prepare
Registering precompiled user dll's ...
Registered in 0.006178 seconds.
Begin MonoManager ReloadAssembly
Symbol file LoadedFromMemory doesn't match image C:\Users\samcp\Desktop\2021 Unity Projects\Tile Extractor 3D\Library\PackageCache\com.unity.visualscripting@1.6.1\Editor\VisualScripting.Core\Dependencies\YamlDotNet\Unity.VisualScripting.YamlDotNet.dll
Symbol file LoadedFromMemory doesn't match image C:\Users\samcp\Desktop\2021 Unity Projects\Tile Extractor 3D\Library\PackageCache\com.unity.visualscripting@1.6.1\Editor\VisualScripting.Core\Dependencies\DotNetZip\Unity.VisualScripting.IonicZip.dll
Native extension for WindowsStandalone target not found
Native extension for WebGL target not found
Refreshing native plugins compatible for Editor in 1.72 ms, found 3 plugins.
Preloading 0 native plugins for Editor in 0.00 ms.
Warning: Annotation not found!
UnityEngine.StackTraceUtility:ExtractStackTrace ()
UnityEditor.ProBuilder.EditorUtility:SetGizmoIconEnabled (System.Type,bool) (at Library/PackageCache/com.unity.probuilder@5.0.3/Editor/EditorCore/EditorUtility.cs:575)
UnityEditor.ProBuilder.HierarchyListener:.cctor () (at Library/PackageCache/com.unity.probuilder@5.0.3/Editor/EditorCore/HierarchyListener.cs:21)
System.Runtime.CompilerServices.RuntimeHelpers:RunClassConstructor (System.RuntimeTypeHandle)
UnityEditor.EditorAssemblies:ProcessInitializeOnLoadAttributes (System.Type[])

[Library/PackageCache/com.unity.probuilder@5.0.3/Editor/EditorCore/EditorUtility.cs line 575]

Mono: successfully reloaded assembly
- Completed reload, in  5.580 seconds
Domain Reload Profiling:
	ReloadAssembly (5581ms)
		BeginReloadAssembly (140ms)
			ExecutionOrderSort (0ms)
			DisableScriptedObjects (4ms)
			BackupInstance (0ms)
			ReleaseScriptingObjects (0ms)
			CreateAndSetChildDomain (41ms)
		EndReloadAssembly (5381ms)
			LoadAssemblies (94ms)
			RebuildTransferFunctionScriptingTraits (0ms)
			SetupTypeCache (1602ms)
			ReleaseScriptCaches (2ms)
			RebuildScriptCaches (169ms)
			SetupLoadedEditorAssemblies (2828ms)
				LogAssemblyErrors (0ms)
				InitializePlatformSupportModulesInManaged (10ms)
				SetLoadedEditorAssemblies (1ms)
				RefreshPlugins (2ms)
				BeforeProcessingInitializeOnLoad (178ms)
				ProcessInitializeOnLoadAttributes (2602ms)
				ProcessInitializeOnLoadMethodAttributes (19ms)
				AfterProcessingInitializeOnLoad (15ms)
				EditorAssembliesLoaded (1ms)
			ExecutionOrderSort2 (0ms)
			AwakeInstancesAfterBackupRestoration (91ms)
Platform modules already initialized, skipping
Refreshing native plugins compatible for Editor in 159.32 ms, found 3 plugins.
Preloading 0 native plugins for Editor in 0.00 ms.
Unloading 3340 Unused Serialized files (Serialized files now loaded: 0)
System memory in use before: 129.1 MB.
System memory in use after: 129.3 MB.

Unloading 18 unused Assets to reduce memory usage. Loaded Objects now: 3904.
Total: 13.578200 ms (FindLiveObjects: 1.303500 ms CreateObjectMapping: 0.229600 ms MarkObjects: 11.857700 ms  DeleteObjects: 0.184900 ms)

AssetImportParameters requested are different than current active one (requested -> active):
  custom:framework-win-MediaFoundation: 216162199b28c13a410421893ffa2e32 -> 
  custom:video-decoder-ogg-theora: a1e56fd34408186e4bbccfd4996cb3dc -> 
  custom:container-muxer-webm: aa71ff27fc2769a1b78a27578f13a17b -> 
  custom:container-demuxer-webm: 4f35f7cbe854078d1ac9338744f61a02 -> 
  custom:container-demuxer-ogg: 62fdf1f143b41e24485cea50d1cbac27 -> 
  custom:video-encoder-webm-vp8: eb34c28f22e8b96e1ab97ce403110664 -> 
  custom:video-decoder-webm-vp8: 9c59270c3fd7afecdb556c50c9e8de78 -> 
  custom:audio-decoder-ogg-vorbis: bf7c407c2cedff20999df2af8eb42d56 -> 
  custom:audio-encoder-webm-vorbis: bf7c407c2cedff20999df2af8eb42d56 -> 
========================================================================
Received Prepare
Registering precompiled user dll's ...
Registered in 0.024382 seconds.
Begin MonoManager ReloadAssembly
Symbol file LoadedFromMemory doesn't match image C:\Users\samcp\Desktop\2021 Unity Projects\Tile Extractor 3D\Library\PackageCache\com.unity.visualscripting@1.6.1\Editor\VisualScripting.Core\Dependencies\YamlDotNet\Unity.VisualScripting.YamlDotNet.dll
Symbol file LoadedFromMemory doesn't match image C:\Users\samcp\Desktop\2021 Unity Projects\Tile Extractor 3D\Library\PackageCache\com.unity.visualscripting@1.6.1\Editor\VisualScripting.Core\Dependencies\DotNetZip\Unity.VisualScripting.IonicZip.dll
Native extension for WindowsStandalone target not found
Native extension for WebGL target not found
Refreshing native plugins compatible for Editor in 1.49 ms, found 3 plugins.
Preloading 0 native plugins for Editor in 0.00 ms.
Warning: Annotation not found!
UnityEngine.StackTraceUtility:ExtractStackTrace ()
UnityEditor.ProBuilder.EditorUtility:SetGizmoIconEnabled (System.Type,bool) (at Library/PackageCache/com.unity.probuilder@5.0.3/Editor/EditorCore/EditorUtility.cs:575)
UnityEditor.ProBuilder.HierarchyListener:.cctor () (at Library/PackageCache/com.unity.probuilder@5.0.3/Editor/EditorCore/HierarchyListener.cs:21)
System.Runtime.CompilerServices.RuntimeHelpers:RunClassConstructor (System.RuntimeTypeHandle)
UnityEditor.EditorAssemblies:ProcessInitializeOnLoadAttributes (System.Type[])

[Library/PackageCache/com.unity.probuilder@5.0.3/Editor/EditorCore/EditorUtility.cs line 575]

Mono: successfully reloaded assembly
- Completed reload, in  4.176 seconds
Domain Reload Profiling:
	ReloadAssembly (4176ms)
		BeginReloadAssembly (1705ms)
			ExecutionOrderSort (0ms)
			DisableScriptedObjects (20ms)
			BackupInstance (0ms)
			ReleaseScriptingObjects (0ms)
			CreateAndSetChildDomain (375ms)
		EndReloadAssembly (1874ms)
			LoadAssemblies (572ms)
			RebuildTransferFunctionScriptingTraits (0ms)
			SetupTypeCache (781ms)
			ReleaseScriptCaches (2ms)
			RebuildScriptCaches (74ms)
			SetupLoadedEditorAssemblies (519ms)
				LogAssemblyErrors (0ms)
				InitializePlatformSupportModulesInManaged (8ms)
				SetLoadedEditorAssemblies (1ms)
				RefreshPlugins (2ms)
				BeforeProcessingInitializeOnLoad (94ms)
				ProcessInitializeOnLoadAttributes (398ms)
				ProcessInitializeOnLoadMethodAttributes (6ms)
				AfterProcessingInitializeOnLoad (10ms)
				EditorAssembliesLoaded (1ms)
			ExecutionOrderSort2 (0ms)
			AwakeInstancesAfterBackupRestoration (15ms)
Platform modules already initialized, skipping
Refreshing native plugins compatible for Editor in 0.97 ms, found 3 plugins.
Preloading 0 native plugins for Editor in 0.00 ms.
Unloading 3338 Unused Serialized files (Serialized files now loaded: 0)
System memory in use before: 129.1 MB.
System memory in use after: 129.3 MB.

Unloading 18 unused Assets to reduce memory usage. Loaded Objects now: 3906.
Total: 5.766500 ms (FindLiveObjects: 0.511500 ms CreateObjectMapping: 0.124000 ms MarkObjects: 5.009000 ms  DeleteObjects: 0.120500 ms)

AssetImportParameters requested are different than current active one (requested -> active):
  custom:framework-win-MediaFoundation: 216162199b28c13a410421893ffa2e32 -> 
  custom:video-decoder-ogg-theora: a1e56fd34408186e4bbccfd4996cb3dc -> 
  custom:container-muxer-webm: aa71ff27fc2769a1b78a27578f13a17b -> 
  custom:container-demuxer-webm: 4f35f7cbe854078d1ac9338744f61a02 -> 
  custom:container-demuxer-ogg: 62fdf1f143b41e24485cea50d1cbac27 -> 
  custom:video-encoder-webm-vp8: eb34c28f22e8b96e1ab97ce403110664 -> 
  custom:video-decoder-webm-vp8: 9c59270c3fd7afecdb556c50c9e8de78 -> 
  custom:audio-decoder-ogg-vorbis: bf7c407c2cedff20999df2af8eb42d56 -> 
  custom:audio-encoder-webm-vorbis: bf7c407c2cedff20999df2af8eb42d56 -> 
========================================================================
Received Prepare
Registering precompiled user dll's ...
Registered in 0.005508 seconds.
Begin MonoManager ReloadAssembly
Symbol file LoadedFromMemory doesn't match image C:\Users\samcp\Desktop\2021 Unity Projects\Tile Extractor 3D\Library\PackageCache\com.unity.visualscripting@1.6.1\Editor\VisualScripting.Core\Dependencies\YamlDotNet\Unity.VisualScripting.YamlDotNet.dll
Symbol file LoadedFromMemory doesn't match image C:\Users\samcp\Desktop\2021 Unity Projects\Tile Extractor 3D\Library\PackageCache\com.unity.visualscripting@1.6.1\Editor\VisualScripting.Core\Dependencies\DotNetZip\Unity.VisualScripting.IonicZip.dll
Native extension for WindowsStandalone target not found
Native extension for WebGL target not found
Refreshing native plugins compatible for Editor in 1.50 ms, found 3 plugins.
Preloading 0 native plugins for Editor in 0.00 ms.
Warning: Annotation not found!
UnityEngine.StackTraceUtility:ExtractStackTrace ()
UnityEditor.ProBuilder.EditorUtility:SetGizmoIconEnabled (System.Type,bool) (at Library/PackageCache/com.unity.probuilder@5.0.3/Editor/EditorCore/EditorUtility.cs:575)
UnityEditor.ProBuilder.HierarchyListener:.cctor () (at Library/PackageCache/com.unity.probuilder@5.0.3/Editor/EditorCore/HierarchyListener.cs:21)
System.Runtime.CompilerServices.RuntimeHelpers:RunClassConstructor (System.RuntimeTypeHandle)
UnityEditor.EditorAssemblies:ProcessInitializeOnLoadAttributes (System.Type[])

[Library/PackageCache/com.unity.probuilder@5.0.3/Editor/EditorCore/EditorUtility.cs line 575]

Mono: successfully reloaded assembly
- Completed reload, in  5.064 seconds
Domain Reload Profiling:
	ReloadAssembly (5065ms)
		BeginReloadAssembly (218ms)
			ExecutionOrderSort (0ms)
			DisableScriptedObjects (6ms)
			BackupInstance (0ms)
			ReleaseScriptingObjects (0ms)
			CreateAndSetChildDomain (42ms)
		EndReloadAssembly (4608ms)
			LoadAssemblies (2040ms)
			RebuildTransferFunctionScriptingTraits (1ms)
			SetupTypeCache (1528ms)
			ReleaseScriptCaches (2ms)
			RebuildScriptCaches (96ms)
			SetupLoadedEditorAssemblies (495ms)
				LogAssemblyErrors (0ms)
				InitializePlatformSupportModulesInManaged (9ms)
				SetLoadedEditorAssemblies (1ms)
				RefreshPlugins (2ms)
				BeforeProcessingInitializeOnLoad (99ms)
				ProcessInitializeOnLoadAttributes (373ms)
				ProcessInitializeOnLoadMethodAttributes (4ms)
				AfterProcessingInitializeOnLoad (8ms)
				EditorAssembliesLoaded (0ms)
			ExecutionOrderSort2 (0ms)
			AwakeInstancesAfterBackupRestoration (12ms)
Platform modules already initialized, skipping
Refreshing native plugins compatible for Editor in 0.94 ms, found 3 plugins.
Preloading 0 native plugins for Editor in 0.00 ms.
Unloading 3338 Unused Serialized files (Serialized files now loaded: 0)
System memory in use before: 129.2 MB.
System memory in use after: 129.3 MB.

Unloading 18 unused Assets to reduce memory usage. Loaded Objects now: 3908.
Total: 4.514900 ms (FindLiveObjects: 0.334100 ms CreateObjectMapping: 0.099400 ms MarkObjects: 3.975300 ms  DeleteObjects: 0.104700 ms)

AssetImportParameters requested are different than current active one (requested -> active):
  custom:framework-win-MediaFoundation: 216162199b28c13a410421893ffa2e32 -> 
  custom:video-decoder-ogg-theora: a1e56fd34408186e4bbccfd4996cb3dc -> 
  custom:container-muxer-webm: aa71ff27fc2769a1b78a27578f13a17b -> 
  custom:container-demuxer-webm: 4f35f7cbe854078d1ac9338744f61a02 -> 
  custom:container-demuxer-ogg: 62fdf1f143b41e24485cea50d1cbac27 -> 
  custom:video-encoder-webm-vp8: eb34c28f22e8b96e1ab97ce403110664 -> 
  custom:video-decoder-webm-vp8: 9c59270c3fd7afecdb556c50c9e8de78 -> 
  custom:audio-decoder-ogg-vorbis: bf7c407c2cedff20999df2af8eb42d56 -> 
  custom:audio-encoder-webm-vorbis: bf7c407c2cedff20999df2af8eb42d56 -> 
